06:56:26,673 [5] [PDFHandling.Controllers.PDFRetrieveController] [GetTrackingIDs] DEBUG - In Controller gettting list of tracking numbers
06:56:27,176 [5] [PDFHandling.Utilities.Utilites] [getUSPSDocument] DEBUG - Getting Document from USPS
06:56:33,553 [5] [PDFHandling.Utilities.Utilites] [getUSPSDocument] DEBUG - Application threw an error getting document from USPS:The process cannot access the file 'C:\Users\mwells\Documents\GitHub\ps-client-WinstonSalemCity_NC\Interfaces\PDFHandling\PDFHandling\Documents\toc011121.pdf' because it is being used by another process.
06:57:52,440 [5] [PDFHandling.Controllers.PDFRetrieveController] [GetTrackingIDs] DEBUG - In Controller gettting list of tracking numbers
06:57:52,984 [5] [PDFHandling.Utilities.Utilites] [getUSPSDocument] DEBUG - Getting Document from USPS
06:57:55,717 [5] [PDFHandling.Utilities.Utilites] [getUSPSDocument] DEBUG - Application threw an error getting document from USPS:The process cannot access the file 'C:\Users\mwells\Documents\GitHub\ps-client-WinstonSalemCity_NC\Interfaces\PDFHandling\PDFHandling\Documents\toc011121.pdf' because it is being used by another process.
07:00:14,955 [7] [PDFHandling.Controllers.PDFRetrieveController] [GetTrackingIDs] DEBUG - In Controller gettting list of tracking numbers
07:00:15,415 [7] [PDFHandling.Utilities.Utilites] [getUSPSDocument] DEBUG - Getting Document from USPS
07:00:24,999 [7] [PDFHandling.Utilities.Utilites] [getUSPSDocument] DEBUG - Application threw an error getting document from USPS:The process cannot access the file 'C:\Users\mwells\Documents\GitHub\ps-client-WinstonSalemCity_NC\Interfaces\PDFHandling\PDFHandling\Documents\toc011121.pdf' because it is being used by another process.
07:00:45,063 [7] [PDFHandling.Controllers.PDFRetrieveController] [GetTrackingIDs] DEBUG - In Controller gettting list of tracking numbers
07:00:45,111 [7] [PDFHandling.Utilities.Utilites] [getUSPSDocument] DEBUG - Getting Document from USPS
07:00:48,519 [7] [PDFHandling.Utilities.Utilites] [getUSPSDocument] DEBUG - Application threw an error getting document from USPS:The process cannot access the file 'C:\Users\mwells\Documents\GitHub\ps-client-WinstonSalemCity_NC\Interfaces\PDFHandling\PDFHandling\Documents\toc011121.pdf' because it is being used by another process.
07:02:50,372 [6] [PDFHandling.Controllers.PDFRetrieveController] [GetTrackingIDs] DEBUG - In Controller gettting list of tracking numbers
07:02:50,828 [6] [PDFHandling.Utilities.Utilites] [getUSPSDocument] DEBUG - Getting Document from USPS
07:02:53,337 [6] [PDFHandling.Utilities.Utilites] [getUSPSDocument] DEBUG - Application threw an error getting document from USPS:The process cannot access the file 'C:\Users\mwells\Documents\GitHub\ps-client-WinstonSalemCity_NC\Interfaces\PDFHandling\PDFHandling\Documents\toc011121.pdf' because it is being used by another process.
07:07:02,852 [7] [PDFHandling.Controllers.PDFRetrieveController] [GetTrackingIDs] DEBUG - In Controller gettting list of tracking numbers
07:07:03,523 [7] [PDFHandling.Utilities.Utilites] [getUSPSDocument] DEBUG - Getting Document from USPS
07:07:09,158 [7] [PDFHandling.Utilities.Utilites] [getUSPSDocument] DEBUG - Application threw an error getting document from USPS:The process cannot access the file 'C:\Users\mwells\Documents\GitHub\ps-client-WinstonSalemCity_NC\Interfaces\PDFHandling\PDFHandling\Documents\toc011121.pdf' because it is being used by another process.
07:09:16,561 [5] [PDFHandling.Controllers.PDFRetrieveController] [GetTrackingIDs] DEBUG - In Controller gettting list of tracking numbers
07:09:17,118 [5] [PDFHandling.Utilities.Utilites] [getUSPSDocument] DEBUG - Getting Document from USPS
07:09:25,498 [5] [PDFHandling.Utilities.Utilites] [getUSPSDocument] DEBUG - Application threw an error getting document from USPS:The process cannot access the file 'C:\Users\mwells\Documents\GitHub\ps-client-WinstonSalemCity_NC\Interfaces\PDFHandling\PDFHandling\Documents\toc011121.pdf' because it is being used by another process.
07:11:18,979 [7] [PDFHandling.Controllers.PDFRetrieveController] [GetTrackingIDs] DEBUG - In Controller gettting list of tracking numbers
07:11:19,520 [7] [PDFHandling.Utilities.Utilites] [getUSPSDocument] DEBUG - Getting Document from USPS
07:11:23,959 [7] [PDFHandling.Utilities.Utilites] [getUSPSDocument] DEBUG - Application threw an error getting document from USPS:The process cannot access the file 'C:\Users\mwells\Documents\GitHub\ps-client-WinstonSalemCity_NC\Interfaces\PDFHandling\PDFHandling\Documents\toc011121.pdf' because it is being used by another process.
07:13:01,279 [5] [PDFHandling.Controllers.PDFRetrieveController] [GetTrackingIDs] DEBUG - In Controller gettting list of tracking numbers
07:13:02,684 [5] [PDFHandling.Utilities.Utilites] [getUSPSDocument] DEBUG - Getting Document from USPS
07:13:04,731 [5] [PDFHandling.Utilities.Utilites] [getUSPSDocument] DEBUG - Application threw an error getting document from USPS:The process cannot access the file 'C:\Users\mwells\Documents\GitHub\ps-client-WinstonSalemCity_NC\Interfaces\PDFHandling\PDFHandling\Documents\toc011121.pdf' because it is being used by another process.
07:15:08,009 [6] [PDFHandling.Controllers.PDFRetrieveController] [GetTrackingIDs] DEBUG - In Controller gettting list of tracking numbers
07:15:08,514 [6] [PDFHandling.Utilities.Utilites] [getUSPSDocument] DEBUG - Getting Document from USPS
07:15:14,439 [6] [PDFHandling.Utilities.Utilites] [getUSPSDocument] DEBUG - Application threw an error getting document from USPS:The process cannot access the file 'C:\Users\mwells\Documents\GitHub\ps-client-WinstonSalemCity_NC\Interfaces\PDFHandling\PDFHandling\Documents\toc011121.pdf' because it is being used by another process.
07:18:41,415 [8] [PDFHandling.Controllers.PDFRetrieveController] [GetTrackingIDs] DEBUG - In Controller gettting list of tracking numbers
07:18:41,945 [8] [PDFHandling.Utilities.Utilites] [getUSPSDocument] DEBUG - Getting Document from USPS
07:18:46,183 [8] [PDFHandling.Utilities.Utilites] [getUSPSDocument] DEBUG - Application threw an error getting document from USPS:The process cannot access the file 'C:\Users\mwells\Documents\GitHub\ps-client-WinstonSalemCity_NC\Interfaces\PDFHandling\PDFHandling\Documents\toc011121.pdf' because it is being used by another process.
07:20:58,746 [6] [PDFHandling.Controllers.PDFRetrieveController] [GetTrackingIDs] DEBUG - In Controller gettting list of tracking numbers
07:20:59,403 [6] [PDFHandling.Utilities.Utilites] [getUSPSDocument] DEBUG - Getting Document from USPS
07:21:03,621 [6] [PDFHandling.Utilities.Utilites] [getUSPSDocument] DEBUG - Application threw an error getting document from USPS:The process cannot access the file 'C:\Users\mwells\Documents\GitHub\ps-client-WinstonSalemCity_NC\Interfaces\PDFHandling\PDFHandling\Documents\toc011121.pdf' because it is being used by another process.
07:22:31,101 [5] [PDFHandling.Controllers.PDFRetrieveController] [GetTrackingIDs] DEBUG - In Controller gettting list of tracking numbers
07:22:31,775 [5] [PDFHandling.Utilities.Utilites] [getUSPSDocument] DEBUG - Getting Document from USPS
07:22:35,951 [5] [PDFHandling.Utilities.Utilites] [getUSPSDocument] DEBUG - Application threw an error getting document from USPS:The process cannot access the file 'C:\Users\mwells\Documents\GitHub\ps-client-WinstonSalemCity_NC\Interfaces\PDFHandling\PDFHandling\Documents\toc011121.pdf' because it is being used by another process.
07:23:47,888 [6] [PDFHandling.Controllers.PDFRetrieveController] [GetTrackingIDs] DEBUG - In Controller gettting list of tracking numbers
07:23:48,514 [6] [PDFHandling.Utilities.Utilites] [getUSPSDocument] DEBUG - Getting Document from USPS
07:23:50,321 [6] [PDFHandling.Utilities.Utilites] [getUSPSDocument] DEBUG - Application threw an error getting document from USPS:The process cannot access the file 'C:\Users\mwells\Documents\GitHub\ps-client-WinstonSalemCity_NC\Interfaces\PDFHandling\PDFHandling\Documents\toc011121.pdf' because it is being used by another process.
07:59:08,121 [6] [PDFHandling.Controllers.PDFRetrieveController] [GetTrackingIDs] DEBUG - In Controller gettting list of tracking numbers
07:59:09,177 [6] [PDFHandling.Utilities.Utilites] [getUSPSDocument] DEBUG - Getting Document from USPS
07:59:12,687 [6] [PDFHandling.Utilities.Utilites] [getUSPSDocument] DEBUG - Application threw an error getting document from USPS:The process cannot access the file 'C:\Users\mwells\Documents\GitHub\ps-client-WinstonSalemCity_NC\Interfaces\PDFHandling\PDFHandling\Documents\toc011121.pdf' because it is being used by another process.
08:09:00,327 [8] [PDFHandling.Controllers.PDFRetrieveController] [GetTrackingIDs] DEBUG - In Controller gettting list of tracking numbers
08:09:00,961 [8] [PDFHandling.Utilities.Utilites] [getUSPSDocument] DEBUG - Getting Document from USPS
08:09:02,988 [8] [PDFHandling.Utilities.Utilites] [getUSPSDocument] DEBUG - Application threw an error getting document from USPS:The process cannot access the file 'C:\Users\mwells\Documents\GitHub\ps-client-WinstonSalemCity_NC\Interfaces\PDFHandling\PDFHandling\Documents\toc011121.pdf' because it is being used by another process.
08:09:03,193 [8] [PDFHandling.Utilities.Utilites] [GetFileNames] DEBUG - Application threw an error processing document:Index and length must refer to a location within the string.
Parameter name: length
08:09:33,922 [6] [PDFHandling.Controllers.PDFRetrieveController] [GetTrackingIDs] DEBUG - In Controller gettting list of tracking numbers
08:09:33,962 [6] [PDFHandling.Utilities.Utilites] [getUSPSDocument] DEBUG - Getting Document from USPS
08:09:35,576 [6] [PDFHandling.Utilities.Utilites] [getUSPSDocument] DEBUG - Application threw an error getting document from USPS:The process cannot access the file 'C:\Users\mwells\Documents\GitHub\ps-client-WinstonSalemCity_NC\Interfaces\PDFHandling\PDFHandling\Documents\toc011121.pdf' because it is being used by another process.
08:10:09,837 [6] [PDFHandling.Utilities.Utilites] [GetFileNames] DEBUG - Application threw an error processing document:Index and length must refer to a location within the string.
Parameter name: length
08:10:16,064 [5] [PDFHandling.Controllers.PDFRetrieveController] [GetTrackingIDs] DEBUG - In Controller gettting list of tracking numbers
08:10:16,075 [5] [PDFHandling.Utilities.Utilites] [getUSPSDocument] DEBUG - Getting Document from USPS
08:10:20,162 [5] [PDFHandling.Utilities.Utilites] [getUSPSDocument] DEBUG - Application threw an error getting document from USPS:The process cannot access the file 'C:\Users\mwells\Documents\GitHub\ps-client-WinstonSalemCity_NC\Interfaces\PDFHandling\PDFHandling\Documents\toc011121.pdf' because it is being used by another process.
08:10:59,431 [5] [PDFHandling.Utilities.Utilites] [GetFileNames] DEBUG - Application threw an error processing document:Index and length must refer to a location within the string.
Parameter name: length
08:11:21,930 [5] [PDFHandling.Controllers.PDFRetrieveController] [GetTrackingIDs] DEBUG - In Controller gettting list of tracking numbers
08:11:21,935 [5] [PDFHandling.Utilities.Utilites] [getUSPSDocument] DEBUG - Getting Document from USPS
08:11:23,785 [5] [PDFHandling.Utilities.Utilites] [getUSPSDocument] DEBUG - Application threw an error getting document from USPS:The process cannot access the file 'C:\Users\mwells\Documents\GitHub\ps-client-WinstonSalemCity_NC\Interfaces\PDFHandling\PDFHandling\Documents\toc011121.pdf' because it is being used by another process.
08:16:09,080 [5] [PDFHandling.Controllers.PDFRetrieveController] [GetTrackingIDs] DEBUG - In Controller gettting list of tracking numbers
08:16:09,657 [5] [PDFHandling.Utilities.Utilites] [getUSPSDocument] DEBUG - Getting Document from USPS
08:16:13,382 [5] [PDFHandling.Utilities.Utilites] [getUSPSDocument] DEBUG - Application threw an error getting document from USPS:The process cannot access the file 'C:\Users\mwells\Documents\GitHub\ps-client-WinstonSalemCity_NC\Interfaces\PDFHandling\PDFHandling\Documents\toc011121.pdf' because it is being used by another process.
08:18:01,851 [5] [PDFHandling.Controllers.PDFRetrieveController] [GetTrackingIDs] DEBUG - In Controller gettting list of tracking numbers
08:18:02,447 [5] [PDFHandling.Utilities.Utilites] [getUSPSDocument] DEBUG - Getting Document from USPS
08:18:07,645 [5] [PDFHandling.Utilities.Utilites] [getUSPSDocument] DEBUG - Application threw an error getting document from USPS:The process cannot access the file 'C:\Users\mwells\Documents\GitHub\ps-client-WinstonSalemCity_NC\Interfaces\PDFHandling\PDFHandling\Documents\toc011121.pdf' because it is being used by another process.
08:20:21,966 [7] [PDFHandling.Controllers.PDFRetrieveController] [GetTrackingIDs] DEBUG - In Controller gettting list of tracking numbers
08:20:22,717 [7] [PDFHandling.Utilities.Utilites] [getUSPSDocument] DEBUG - Getting Document from USPS
08:20:24,560 [7] [PDFHandling.Utilities.Utilites] [getUSPSDocument] DEBUG - Application threw an error getting document from USPS:The process cannot access the file 'C:\Users\mwells\Documents\GitHub\ps-client-WinstonSalemCity_NC\Interfaces\PDFHandling\PDFHandling\Documents\toc011121.pdf' because it is being used by another process.
08:56:11,288 [5] [PDFHandling.Controllers.PDFRetrieveController] [GetFileNamesTrackingID] DEBUG - In Controller gettting list of tracking numbers
08:56:11,949 [5] [PDFHandling.Utilities.Utilites] [getUSPSDocument] DEBUG - Getting Document from USPS
08:56:15,881 [5] [PDFHandling.Utilities.Utilites] [getUSPSDocument] DEBUG - Application threw an error getting document from USPS:The process cannot access the file 'C:\Users\mwells\Documents\GitHub\ps-client-WinstonSalemCity_NC\Interfaces\PDFHandling\PDFHandling\Documents\toc011121.pdf' because it is being used by another process.
09:51:05,700 [5] [PDFHandling.Controllers.PDFRetrieveController] [GetFileNamesTrackingID] DEBUG - In Controller gettting list of tracking numbers
09:51:06,612 [5] [PDFHandling.Utilities.Utilites] [getUSPSDocument] DEBUG - Getting Document from USPS
09:51:08,649 [5] [PDFHandling.Utilities.Utilites] [getUSPSDocument] DEBUG - Application threw an error getting document from USPS:The process cannot access the file 'C:\Users\mwells\Documents\GitHub\ps-client-WinstonSalemCity_NC\Interfaces\PDFHandling\PDFHandling\Documents\toc011121.pdf' because it is being used by another process.
09:54:04,287 [5] [PDFHandling.Controllers.PDFRetrieveController] [GetFileNamesTrackingID] DEBUG - In Controller gettting list of tracking numbers
09:54:04,360 [5] [PDFHandling.Utilities.Utilites] [getUSPSDocument] DEBUG - Getting Document from USPS
09:54:05,907 [5] [PDFHandling.Utilities.Utilites] [getUSPSDocument] DEBUG - Application threw an error getting document from USPS:The process cannot access the file 'C:\Users\mwells\Documents\GitHub\ps-client-WinstonSalemCity_NC\Interfaces\PDFHandling\PDFHandling\Documents\toc011121.pdf' because it is being used by another process.
09:54:59,988 [5] [PDFHandling.Utilities.Utilites] [GetFileNames] DEBUG - Application threw an error processing document:Index and length must refer to a location within the string.
Parameter name: length
09:55:43,516 [5] [PDFHandling.Controllers.PDFRetrieveController] [GetFileNamesTrackingID] DEBUG - In Controller gettting list of tracking numbers
09:55:43,526 [5] [PDFHandling.Utilities.Utilites] [getUSPSDocument] DEBUG - Getting Document from USPS
09:55:48,348 [5] [PDFHandling.Utilities.Utilites] [getUSPSDocument] DEBUG - Application threw an error getting document from USPS:The process cannot access the file 'C:\Users\mwells\Documents\GitHub\ps-client-WinstonSalemCity_NC\Interfaces\PDFHandling\PDFHandling\Documents\toc011121.pdf' because it is being used by another process.
10:40:44,110 [6] [PDFHandling.Controllers.PDFRetrieveController] [GetFileNamesTrackingID] DEBUG - In Controller gettting list of tracking numbers
10:40:44,599 [6] [PDFHandling.Utilities.Utilites] [getUSPSDocument] DEBUG - Getting Document from USPS
10:40:50,437 [6] [PDFHandling.Utilities.Utilites] [getUSPSDocument] DEBUG - Application threw an error getting document from USPS:The process cannot access the file 'C:\Users\mwells\Documents\GitHub\ps-client-WinstonSalemCity_NC\Interfaces\PDFHandling\PDFHandling\Documents\toc011121.pdf' because it is being used by another process.
13:53:00,762 [5] [PDFHandling.Controllers.PDFRetrieveController] [GetFileNamesTrackingID] DEBUG - In Controller gettting list of tracking numbers
13:53:01,215 [5] [PDFHandling.Utilities.Utilites] [getUSPSDocument] DEBUG - Getting Document from USPS
13:53:07,558 [5] [PDFHandling.Utilities.Utilites] [getUSPSDocument] DEBUG - Application threw an error getting document from USPS:The process cannot access the file 'C:\Users\mwells\Documents\GitHub\ps-client-WinstonSalemCity_NC\Interfaces\PDFHandling\PDFHandling\Documents\toc011121.pdf' because it is being used by another process.
13:54:29,832 [8] [PDFHandling.Controllers.PDFRetrieveController] [GetFileNamesTrackingID] DEBUG - In Controller gettting list of tracking numbers
13:54:30,290 [8] [PDFHandling.Utilities.Utilites] [getUSPSDocument] DEBUG - Getting Document from USPS
13:54:32,042 [8] [PDFHandling.Utilities.Utilites] [getUSPSDocument] DEBUG - Application threw an error getting document from USPS:The process cannot access the file 'C:\Users\mwells\Documents\GitHub\ps-client-WinstonSalemCity_NC\Interfaces\PDFHandling\PDFHandling\Documents\toc011121.pdf' because it is being used by another process.
